Build started 13/11/2014 17:48:15.
     1>Project "C:\Users\Wilder Ruiz\OneDrive\iPROGRAM\BANK SIMULATOR by Wilder Ruiz\Bank Simulator 4.0\ConsoleApplication1\ConsoleApplication1\ConsoleApplication1.vcxproj" on node 2 (Build target(s)).
     1>ClCompile:
         C:\Program Files (x86)\Microsoft Visual Studio 12.0\VC\bin\CL.exe /c /Zi /nologo /W3 /WX- /sdl /O2 /Oi /Oy- /GL /D WIN32 /D NDEBUG /D _CONSOLE /D _LIB /D _UNICODE /D UNICODE /Gm- /EHsc /MD /GS /Gy /fp:precise /Zc:wchar_t /Zc:forScope /Fo"Release\\" /Fd"Release\vc120.pdb" /Gd /TC /analyze- /errorReport:prompt Source.c
         Source.c
     1>Source.c(59): warning C4020: 'gets_s' : too many actual parameters
     1>Source.c(66): warning C4020: 'gets_s' : too many actual parameters
     1>Source.c(69): warning C4020: 'gets_s' : too many actual parameters
     1>Source.c(83): warning C4020: 'gets_s' : too many actual parameters
     1>Source.c(87): warning C4020: 'gets_s' : too many actual parameters
     1>Source.c(124): warning C4020: 'gets_s' : too many actual parameters
     1>Source.c(129): error C4996: 'fopen': This function or variable may be unsafe. Consider using fopen_s instead. To disable deprecation, use _CRT_SECURE_NO_WARNINGS. See online help for details.
                 C:\Program Files (x86)\Microsoft Visual Studio 12.0\VC\include\stdio.h(211) : see declaration of 'fopen'
     1>Source.c(132): warning C4020: 'gets_s' : too many actual parameters
     1>Source.c(149): warning C4020: 'gets_s' : too many actual parameters
     1>Source.c(177): warning C4020: 'gets_s' : too many actual parameters
     1>Source.c(220): warning C4020: 'gets_s' : too many actual parameters
     1>Source.c(236): warning C4020: 'gets_s' : too many actual parameters
     1>Source.c(301): warning C4020: 'gets_s' : too many actual parameters
     1>Source.c(418): warning C4020: 'gets_s' : too many actual parameters
     1>Done Building Project "C:\Users\Wilder Ruiz\OneDrive\iPROGRAM\BANK SIMULATOR by Wilder Ruiz\Bank Simulator 4.0\ConsoleApplication1\ConsoleApplication1\ConsoleApplication1.vcxproj" (Build target(s)) -- FAILED.

Build FAILED.

Time Elapsed 00:00:00.29
